start: s
accept: ac
reject: rj
blank: @
s 0 -> r 2 >
s 1 -> r 3 >
r 0 -> r 0 >
r 1 -> r 1 >
r 4 -> rl 4 <
r 5 -> rl 5 <
r @ -> rl @ <
rl 0 -> l 4 <
rl 1 -> l 5 <
rl 2 -> rj 2 ^
rl 3 -> rj 3 ^
l 0 -> l 0 <
l 1 -> l 1 <
l 2 -> lr 2 >
l 3 -> lr 3 >
lr 0 -> r 2 >
lr 1 -> r 3 >
lr 4 -> cz 6 <
lr 5 -> cnz 7 <
cz 2 -> cz 2 <
cz 3 -> cz 3 <
cz 6 -> cz 6 <
cz 7 -> cz 7 <
cz 0 -> z 0 >
cz 1 -> z 1 >
cz @ -> z @ >
z 2 -> c 0 >
z 3 -> endr 3 ^
c 2 -> c 2 >
c 3 -> c 3 >
c 6 -> c 6 >
c 7 -> c 7 >
c 4 -> cz 6 <
c 5 -> cnz 7 <
c @ -> enda @ ^
cnz 2 -> cnz 2 <
cnz 3 -> cnz 3 <
cnz 6 -> cnz 6 <
cnz 7 -> cnz 7 <
cnz 0 -> nz 0 >
cnz 1 -> nz 1 >
cnz @ -> nz @ >
nz 2 -> endr 2 ^
nz 3 -> c 1 >
endr 0 -> endr 0 <
endr 1 -> endr 1 <
endr 2 -> endr 2 <
endr 3 -> endr 3 <
endr 4 -> endr 4 <
endr 5 -> endr 5 <
endr 6 -> endr 6 <
endr 7 -> endr 7 <
endr @ -> endrj @ >
enda 0 -> enda 0 <
enda 1 -> enda 1 <
enda 2 -> enda 2 <
enda 3 -> enda 3 <
enda 4 -> enda 4 <
enda 5 -> enda 5 <
enda 6 -> enda 6 <
enda 7 -> enda 7 <
enda @ -> endac @ >
endrj 0 -> endrj @ >
endrj 1 -> endrj @ >
endrj 2 -> endrj @ >
endrj 3 -> endrj @ >
endrj 4 -> endrj @ >
endrj 5 -> endrj @ >
endrj 6 -> endrj @ >
endrj 7 -> endrj @ >
endrj @ -> rj @ ^
endac 0 -> endac @ >
endac 1 -> endac @ >
endac 2 -> endac @ >
endac 3 -> endac @ >
endac 4 -> endac @ >
endac 5 -> endac @ >
endac 6 -> endac @ >
endac 7 -> endac @ >
endac @ -> ac @ ^
