start: s
accept: ac
reject: rj
blank: =
s 1 -> r 1 >
s 0 -> r 0 >
r 0 -> r 0 >
r 1 -> r 1 >
r 2 -> r 2 >
r 3 -> r 3 >
r + -> r + >
r = -> b = <
b 0 -> bz = <
b 1 -> bnz = <
b + -> end = <
bz 1 -> bz 1 <
bz 0 -> bz 0 <
bz + -> az + <
az 2 -> az 2 <
az 3 -> az 3 <
az 0 -> r 2 >
az 1 -> r 3 >
az = -> r 2 >
bnz 1 -> bnz 1 <
bnz 0 -> bnz 0 <
bnz + -> anz + <
anz 2 -> anz 2 <
anz 3 -> anz 3 <
anz 0 -> r 3 >
anz 1 -> canz 2 <
anz = -> r 3 >
canz 0 -> r 1 >
canz 1 -> canz 0 <
canz = -> r 1 >
end 3 -> end 1 <
end 2 -> end 0 <
end 1 -> end 1 <
end 0 -> end 0 <
end = -> ac = >
