start: fs
accept: fac
reject: rj
blank: =
fs 1 -> fs 1 <
fs = -> init = <

init = -> initmul 1 <
initmul = -> flr * >

flr 0 -> flr 0 >
flr 1 -> flr 1 >
flr * -> flr * >
flr = -> fbr = >

fbr = -> fbr = >
fbr 0 -> fr 0 ^
fbr 1 -> fr 1 ^
fbr 2 -> fr 2 ^
fbr 3 -> fr 3 ^

fr 0 -> fr 0 >
fr 1 -> fr 1 >
fr 2 -> cpy 2 <
fr 3 -> cpy 3 <
fr = -> cpy = <

cpy 0 -> cpy0 2 <
cpy 1 -> cpy1 3 <
cpy = -> mr = >

cpy0 0 -> cpy0 0 <
cpy0 1 -> cpy0 1 <
cpy0 = -> cpy0 = <
cpy0 * -> cpy0* * <

cpy0* 0 -> cpy0* 0 <
cpy0* 1 -> cpy0* 1 <
cpy0* = -> flr 0 >

cpy1 0 -> cpy1 0 <
cpy1 1 -> cpy1 1 <
cpy1 = -> cpy1 = <
cpy1 * -> cpy1* * <

cpy1* 0 -> cpy1* 0 <
cpy1* 1 -> cpy1* 1 <
cpy1* = -> flr 1 >

mr 2 -> mr 0 >
mr 3 -> mr 1 >
mr = -> m = <

m 0 -> m 1 <
m 1 -> ml 0 <
m = -> fend = >

ml 0 -> ml 0 <
ml 1 -> ml 1 <
ml = -> ml = <
ml * -> mul * <

mul 0 -> mul 0 <
mul 1 -> mul 1 <
mul = -> s = >

fend 1 -> fend = >
fend = -> frend = <

frend = -> frend = <
frend 0 -> frend 0 <
frend 1 -> frend 1 <
frend * -> fclr = <

fclr 0 -> fclr = <
fclr 1 -> fclr = <
fclr = -> fetb = >

fetb = -> fetb = >
fetb 1 -> fac 1 ^



s 0 -> s 0 <
s 1 -> s 1 <
s = -> sz + <
sz = -> r 0 >
r + -> r + >
r * -> r * >
r 0 -> r 0 >
r 1 -> r 1 >
r 2 -> r 2 >
r 3 -> r 3 >
r = -> c = <

c 0 -> sh = <
c 1 -> add = <
c * -> end = <

sh 0 -> sh 0 <
sh 1 -> sh 1 <
sh * -> sh * <
sh + -> h + <
h 2 -> h 2 <
h 3 -> h 3 <
h 0 -> r 2 >
h 1 -> r 3 >
h = -> r 2 >

add 0 -> add 0 <
add 1 -> add 1 <
add * -> pb * <

pr 0 -> pr 0 >
pr 1 -> pr 1 >
pr 2 -> pr 2 >
pr 3 -> pr 3 >
pr 4 -> pr 4 >
pr 5 -> pr 5 >
pr + -> pr + >
pr 6 -> pb 6 <
pr 7 -> pb 7 <

pb 0 -> pbz 6 <
pb 1 -> pbnz 7 <
pb + -> pend + <

pbz 1 -> pbz 1 <
pbz 0 -> pbz 0 <
pbz + -> paz + <

paz 2 -> paz 2 <
paz 3 -> paz 3 <
paz 4 -> paz 4 <
paz 5 -> paz 5 <
paz 0 -> pr 4 >
paz 1 -> pr 5 >
paz = -> pr 4 >

pbnz 1 -> pbnz 1 <
pbnz 0 -> pbnz 0 <
pbnz + -> panz + <

panz 2 -> panz 2 <
panz 3 -> panz 3 <
panz 4 -> panz 4 <
panz 5 -> panz 5 <
panz 0 -> pr 5 >
panz 1 -> pcanz 4 <
panz = -> pr 5 >

pcanz 0 -> pr 1 >
pcanz 1 -> pcanz 0 <
pcanz = -> pr 1 >

pend 3 -> pend 3 <
pend 2 -> pend 2 <
pend 4 -> pclr 2 <
pend 5 -> pclr 3 <
pend 1 -> pclr 3 <
pend 0 -> pclr 2 <
pend = -> pclr 2 <

pclr 4 -> pclr 0 <
pclr 5 -> pclr 1 <
pclr 1 -> pl 1 >
pclr 0 -> pl 0 >
pclr = -> pl = >

pl 0 -> pl 0 >
pl 1 -> pl 1 >
pl 2 -> pl 2 >
pl 3 -> pl 3 >
pl + -> pl + >
pl 6 -> pl 0 >
pl 7 -> pl 1 >
pl * -> r * >

end 0 -> end = <
end 1 -> end = <
end + -> endclr = <
endclr 2 -> endclr 0 <
endclr 3 -> endclr 1 <
endclr 0 -> endclr 0 <
endclr 1 -> endclr 1 <
endclr = -> clrz = >

clrz 0 -> clrz = >
clrz 1 -> initmul 1 <
clrz = -> initmul 0 <
