start: ss
accept: ac
reject: rj
blank: $
ss 0 -> ssr 2 >
ss 1 -> ssr 3 >
ssr 0 -> ssr 0 >
ssr 1 -> ssr 1 >
ssr < -> ssr < >
ssr 4 -> ssrl 4 <
ssr 5 -> ssrl 5 <
ssr $ -> ssrl $ <
ssrl 0 -> ssl 4 <
ssrl 1 -> ssl 5 <
ssrl < -> rj < ^
ssl 0 -> ssl 0 <
ssl 1 -> ssl 1 <
ssl < -> ssl < <
ssl 2 -> sslr 2 >
ssl 3 -> sslr 3 >
sslr 0 -> ssr 2 >
sslr 1 -> ssr 3 >
sslr < -> ssc < >
ssc 0 -> ac 0 ^
ssc 1 -> ac 1 ^
ssc 4 -> scr 4 <
ssc 5 -> scr 5 <
scr 2 -> scr 2 <
scr 3 -> scr 3 <
scr < -> scr < <
scr $ -> cl $ >
cl 0 -> cl 0 >
cl 1 -> cl 1 >
cl 2 -> cl 0 >
cl 3 -> cl 1 >
cl 4 -> cl 0 >
cl 5 -> cl 1 >
cl < -> cl < >
cl $ -> r $ <
r 0 -> r 0 <
r 1 -> r 1 <
r < -> r < <
r $ -> s $ >
s 0 -> rz 2 >
s 1 -> rnz 3 >
s < -> rj < ^
rz 0 -> rz 0 >
rz 1 -> rz 1 >
rz < -> z < >
z 2 -> z 2 >
z 3 -> z 3 >
z 0 -> l 2 <
z 1 -> ac 1 ^
z $ -> rj $ ^
rnz 0 -> rnz 0 >
rnz 1 -> rnz 1 >
rnz < -> nz < >
nz 2 -> nz 2 >
nz 3 -> nz 3 >
nz 0 -> rj 0 ^
nz 1 -> l 3 <
nz $ -> rj $ ^
l 2 -> l 2 <
l 3 -> l 3 <
l < -> c < <
c 0 -> c 0 <
c 1 -> c 1 <
c 2 -> s 2 >
c 3 -> s 3 >
