3
S 0 _ _ -> S _ > 0 > _ ^
S 1 _ _ -> S _ > 1 > _ ^
S o _ _ -> O _ ^ _ ^ _ <
S a _ _ -> A _ ^ _ ^ _ <
S ( _ _ -> S _ > _ ^ ( >
S ) _ _ -> B _ ^ _ ^ _ <
S _ _ _ -> E _ ^ _ ^ _ <

E _ _ o -> E _ ^ o > _ <
E _ _ a -> E _ ^ a > _ <
E _ _ _ -> L _ ^ _ < _ ^

L _ 0 _ -> L _ ^ 0 < _ ^
L _ 1 _ -> L _ ^ 1 < _ ^
L _ o _ -> L _ ^ o < _ ^
L _ a _ -> L _ ^ a < _ ^
L _ _ _ -> CS _ ^ _ > _ ^

O _ _ o -> O _ ^ o > _ <
O _ _ a -> O _ ^ a > _ <
O _ _ ( -> O _ ^ _ ^ ( >
O _ _ _ -> S _ > _ ^ o >

A _ _ o -> A _ ^ _ ^ o >
A _ _ a -> A _ ^ a > _ <
A _ _ ( -> A _ ^ _ ^ ( >
A _ _ _ -> S _ > _ ^ a >

B _ _ o -> B _ ^ o > _ <
B _ _ a -> B _ ^ a > _ <
B _ _ ( -> S _ > _ ^ _ ^

CS _ 0 _ -> CS _ ^ _ > 0 >
CS _ 1 _ -> CS _ ^ _ > 1 >
CS _ o _ -> CO _ ^ _ ^ _ <
CS _ a _ -> CA _ ^ _ ^ _ <
CS _ _ _ -> CE _ ^ _ ^ _ <

CE _ _ 0 -> AC 0 ^ _ ^ _ ^
CE _ _ 1 -> AC 1 ^ _ ^ _ ^

CO _ _ 0 -> CO0 _ ^ _ ^ _ <
CO _ _ 1 -> CO1 _ ^ _ ^ _ <
CO0 _ _ 0 -> CS _ ^ _ > 0 >
CO0 _ _ 1 -> CS _ ^ _ > 1 >
CO1 _ _ 0 -> CS _ ^ _ > 1 >
CO1 _ _ 1 -> CS _ ^ _ > 1 >

CA _ _ 0 -> CA0 _ ^ _ ^ _ <
CA _ _ 1 -> CA1 _ ^ _ ^ _ <
CA0 _ _ 0 -> CS _ ^ _ > 0 >
CA0 _ _ 1 -> CS _ ^ _ > 0 >
CA1 _ _ 0 -> CS _ ^ _ > 0 >
CA1 _ _ 1 -> CS _ ^ _ > 1 >
